[17:49:59.612] Global cache location '/home/nexi/.cache/typescript/3.7', safe file path '/usr/lib/node_modules/typescript/lib/typingSafeList.json', types map path /usr/lib/node_modules/typescript/lib/typesMap.json
[17:49:59.614] Processing cache location '/home/nexi/.cache/typescript/3.7'
[17:49:59.614] Trying to find '/home/nexi/.cache/typescript/3.7/package.json'...
[17:49:59.616] Loaded content of '/home/nexi/.cache/typescript/3.7/package.json': {"private":true,"dependencies":{"types-registry":"^0.1.475"},"devDependencies":{"@types/async":"^3.0.5","@types/atob":"^2.1.2","@types/create-react-class":"^15.6.3","@types/denodeify":"^1.2.31","@types/history":"^4.7.4","@types/immediate":"^3.2.0","@types/isomorphic-fetch":"0.0.35","@types/node":"^12.12.14","@types/object-assign":"^4.0.30","@types/prop-types":"^15.7.3","@types/react":"^16.9.19","@types/react-dom":"^16.9.5","@types/react-is":"^16.7.1","@types/react-native":"^0.61.4","@types/react-router":"^5.1.4","@types/react-router-dom":"^5.1.3","@types/read":"0.0.28","@types/sprintf":"^0.1.0","@types/styled-components":"^4.4.2","@types/ua-parser-js":"^0.7.33"}}
[17:49:59.616] Loaded content of '/home/nexi/.cache/typescript/3.7/package-lock.json'
[17:49:59.630] Adding entry into typings cache: 'async' => '/home/nexi/.cache/typescript/3.7/node_modules/@types/async/index.d.ts'
[17:49:59.635] Adding entry into typings cache: 'atob' => '/home/nexi/.cache/typescript/3.7/node_modules/@types/atob/index.d.ts'
[17:49:59.641] Adding entry into typings cache: 'create-react-class' => '/home/nexi/.cache/typescript/3.7/node_modules/@types/create-react-class/index.d.ts'
[17:49:59.646] Adding entry into typings cache: 'denodeify' => '/home/nexi/.cache/typescript/3.7/node_modules/@types/denodeify/index.d.ts'
[17:49:59.649] Adding entry into typings cache: 'history' => '/home/nexi/.cache/typescript/3.7/node_modules/@types/history/index.d.ts'
[17:49:59.653] Adding entry into typings cache: 'immediate' => '/home/nexi/.cache/typescript/3.7/node_modules/@types/immediate/index.d.ts'
[17:49:59.657] Adding entry into typings cache: 'isomorphic-fetch' => '/home/nexi/.cache/typescript/3.7/node_modules/@types/isomorphic-fetch/index.d.ts'
[17:49:59.668] Adding entry into typings cache: 'node' => '/home/nexi/.cache/typescript/3.7/node_modules/@types/node/ts3.2/index.d.ts'
[17:49:59.672] Adding entry into typings cache: 'object-assign' => '/home/nexi/.cache/typescript/3.7/node_modules/@types/object-assign/index.d.ts'
[17:49:59.676] Adding entry into typings cache: 'prop-types' => '/home/nexi/.cache/typescript/3.7/node_modules/@types/prop-types/index.d.ts'
[17:49:59.685] Adding entry into typings cache: 'react' => '/home/nexi/.cache/typescript/3.7/node_modules/@types/react/index.d.ts'
[17:49:59.689] Adding entry into typings cache: 'react-dom' => '/home/nexi/.cache/typescript/3.7/node_modules/@types/react-dom/index.d.ts'
[17:49:59.695] Adding entry into typings cache: 'react-is' => '/home/nexi/.cache/typescript/3.7/node_modules/@types/react-is/index.d.ts'
[17:49:59.701] Adding entry into typings cache: 'react-native' => '/home/nexi/.cache/typescript/3.7/node_modules/@types/react-native/index.d.ts'
[17:49:59.707] Adding entry into typings cache: 'react-router' => '/home/nexi/.cache/typescript/3.7/node_modules/@types/react-router/index.d.ts'
[17:49:59.710] Adding entry into typings cache: 'react-router-dom' => '/home/nexi/.cache/typescript/3.7/node_modules/@types/react-router-dom/index.d.ts'
[17:49:59.712] Adding entry into typings cache: 'read' => '/home/nexi/.cache/typescript/3.7/node_modules/@types/read/index.d.ts'
[17:49:59.715] Adding entry into typings cache: 'sprintf' => '/home/nexi/.cache/typescript/3.7/node_modules/@types/sprintf/index.d.ts'
[17:49:59.719] Adding entry into typings cache: 'styled-components' => '/home/nexi/.cache/typescript/3.7/node_modules/@types/styled-components/ts3.7/index.d.ts'
[17:49:59.722] Adding entry into typings cache: 'ua-parser-js' => '/home/nexi/.cache/typescript/3.7/node_modules/@types/ua-parser-js/index.d.ts'
[17:49:59.722] Finished processing cache location '/home/nexi/.cache/typescript/3.7'
[17:49:59.723] Process id: 111324
[17:49:59.723] NPM location: /usr/bin/npm (explicit '--npmLocation' not  provided)
[17:49:59.723] validateDefaultNpmLocation: false
[17:49:59.724] Npm config file: /home/nexi/.cache/typescript/3.7/package.json
[17:49:59.724] Updating types-registry npm package...
[17:49:59.724] Exec: /usr/bin/npm install --ignore-scripts types-registry@latest
[17:50:1.776]     Succeeded. stdout:
    + types-registry@0.1.475
    updated 1 package and audited 62 packages in 1.185s
found 0 vulnerabilities


[17:50:1.776] Updated types-registry npm package
[17:50:5.227] Got install request {"projectName":"/dev/null/inferredProject1*","fileNames":["/usr/lib/node_modules/typescript/lib/lib.d.ts","/usr/lib/node_modules/typescript/lib/lib.es5.d.ts","/usr/lib/node_modules/typescript/lib/lib.dom.d.ts","/usr/lib/node_modules/typescript/lib/lib.webworker.importscripts.d.ts","/usr/lib/node_modules/typescript/lib/lib.scripthost.d.ts","/home/nexi/Documents/Programming/Projects/personal-page/src/components/card/loader/Loader.jsx"],"compilerOptions":{"target":1,"jsx":1,"allowNonTsExtensions":true,"allowJs":true,"noEmitForJsFiles":true,"maxNodeModuleJsDepth":2},"typeAcquisition":{"enable":true,"include":[],"exclude":[]},"unresolvedImports":[],"projectRootPath":"/home/nexi/Documents/Programming/Projects/personal-page/src/components/card/loader","kind":"discover"}
[17:50:5.249] Loaded safelist from types map file '/usr/lib/node_modules/typescript/lib/typesMap.json'
[17:50:5.250] Explicitly included types: []
[17:50:5.251] Inferred 'react' typings due to presence of '.jsx' extension
[17:50:5.252] Inferred typings from unresolved imports: []
[17:50:5.252] Result: {"cachedTypingPaths":["/home/nexi/.cache/typescript/3.7/node_modules/@types/react/index.d.ts"],"newTypingNames":[],"filesToWatch":["/home/nexi/Documents/Programming/Projects/personal-page/src/components/card/loader/bower_components","/home/nexi/Documents/Programming/Projects/personal-page/src/components/card/loader/node_modules"]}
[17:50:5.252] Finished typings discovery: {"cachedTypingPaths":["/home/nexi/.cache/typescript/3.7/node_modules/@types/react/index.d.ts"],"newTypingNames":[],"filesToWatch":["/home/nexi/Documents/Programming/Projects/personal-page/src/components/card/loader/bower_components","/home/nexi/Documents/Programming/Projects/personal-page/src/components/card/loader/node_modules"]}
[17:50:5.253] DirectoryWatcher:: Added:: WatchInfo: /home/nexi/Documents/Programming/Projects/personal-page/src/components/card/loader/bower_components
[17:50:5.257] DirectoryWatcher:: Added:: WatchInfo: /home/nexi/Documents/Programming/Projects/personal-page/src/components/card/loader/node_modules
[17:50:5.258] Sending response:
    {"projectName":"/dev/null/inferredProject1*","typeAcquisition":{"enable":true,"include":[],"exclude":[]},"compilerOptions":{"target":1,"jsx":1,"allowNonTsExtensions":true,"allowJs":true,"noEmitForJsFiles":true,"maxNodeModuleJsDepth":2},"typings":["/home/nexi/.cache/typescript/3.7/node_modules/@types/react/index.d.ts"],"unresolvedImports":[],"kind":"action::set"}
[17:50:5.258] Response has been sent.
[17:50:5.258] No new typings were requested as a result of typings discovery
[17:50:6.162] Got install request {"projectName":"/dev/null/inferredProject1*","fileNames":["/usr/lib/node_modules/typescript/lib/lib.d.ts","/usr/lib/node_modules/typescript/lib/lib.es5.d.ts","/usr/lib/node_modules/typescript/lib/lib.dom.d.ts","/usr/lib/node_modules/typescript/lib/lib.webworker.importscripts.d.ts","/usr/lib/node_modules/typescript/lib/lib.scripthost.d.ts","/home/nexi/Documents/Programming/Projects/personal-page/src/components/card/loader/Loader.jsx","/home/nexi/.cache/typescript/3.7/node_modules/@types/react/global.d.ts","/home/nexi/.cache/typescript/3.7/node_modules/@types/react/index.d.ts"],"compilerOptions":{"target":1,"jsx":1,"allowNonTsExtensions":true,"allowJs":true,"noEmitForJsFiles":true,"maxNodeModuleJsDepth":2},"typeAcquisition":{"enable":true,"include":[],"exclude":[]},"unresolvedImports":[],"projectRootPath":"/home/nexi/Documents/Programming/Projects/personal-page/src/components/card/loader","kind":"discover"}
[17:50:6.162] Explicitly included types: []
[17:50:6.164] Inferred 'react' typings due to presence of '.jsx' extension
[17:50:6.164] Inferred typings from unresolved imports: []
[17:50:6.164] Result: {"cachedTypingPaths":["/home/nexi/.cache/typescript/3.7/node_modules/@types/react/index.d.ts"],"newTypingNames":[],"filesToWatch":["/home/nexi/Documents/Programming/Projects/personal-page/src/components/card/loader/bower_components","/home/nexi/Documents/Programming/Projects/personal-page/src/components/card/loader/node_modules"]}
[17:50:6.164] Finished typings discovery: {"cachedTypingPaths":["/home/nexi/.cache/typescript/3.7/node_modules/@types/react/index.d.ts"],"newTypingNames":[],"filesToWatch":["/home/nexi/Documents/Programming/Projects/personal-page/src/components/card/loader/bower_components","/home/nexi/Documents/Programming/Projects/personal-page/src/components/card/loader/node_modules"]}
[17:50:6.165] Sending response:
    {"projectName":"/dev/null/inferredProject1*","typeAcquisition":{"enable":true,"include":[],"exclude":[]},"compilerOptions":{"target":1,"jsx":1,"allowNonTsExtensions":true,"allowJs":true,"noEmitForJsFiles":true,"maxNodeModuleJsDepth":2},"typings":["/home/nexi/.cache/typescript/3.7/node_modules/@types/react/index.d.ts"],"unresolvedImports":[],"kind":"action::set"}
[17:50:6.165] Response has been sent.
[17:50:6.165] No new typings were requested as a result of typings discovery
