[18:20:55.191] Global cache location '/home/nexi/.cache/typescript/3.7', safe file path '/usr/lib/node_modules/typescript/lib/typingSafeList.json', types map path /usr/lib/node_modules/typescript/lib/typesMap.json
[18:20:55.192] Processing cache location '/home/nexi/.cache/typescript/3.7'
[18:20:55.192] Trying to find '/home/nexi/.cache/typescript/3.7/package.json'...
[18:20:55.309] Loaded content of '/home/nexi/.cache/typescript/3.7/package.json': {"private":true,"dependencies":{"types-registry":"^0.1.475"},"devDependencies":{"@types/async":"^3.0.5","@types/atob":"^2.1.2","@types/create-react-class":"^15.6.3","@types/denodeify":"^1.2.31","@types/history":"^4.7.4","@types/immediate":"^3.2.0","@types/isomorphic-fetch":"0.0.35","@types/node":"^12.12.14","@types/object-assign":"^4.0.30","@types/prop-types":"^15.7.3","@types/react":"^16.9.19","@types/react-dom":"^16.9.5","@types/react-is":"^16.7.1","@types/react-native":"^0.61.4","@types/react-router":"^5.1.4","@types/react-router-dom":"^5.1.3","@types/read":"0.0.28","@types/sprintf":"^0.1.0","@types/styled-components":"^4.4.2","@types/ua-parser-js":"^0.7.33"}}
[18:20:55.309] Loaded content of '/home/nexi/.cache/typescript/3.7/package-lock.json'
[18:20:55.430] Adding entry into typings cache: 'async' => '/home/nexi/.cache/typescript/3.7/node_modules/@types/async/index.d.ts'
[18:20:55.495] Adding entry into typings cache: 'atob' => '/home/nexi/.cache/typescript/3.7/node_modules/@types/atob/index.d.ts'
[18:20:55.542] Adding entry into typings cache: 'create-react-class' => '/home/nexi/.cache/typescript/3.7/node_modules/@types/create-react-class/index.d.ts'
[18:20:55.570] Adding entry into typings cache: 'denodeify' => '/home/nexi/.cache/typescript/3.7/node_modules/@types/denodeify/index.d.ts'
[18:20:55.638] Adding entry into typings cache: 'history' => '/home/nexi/.cache/typescript/3.7/node_modules/@types/history/index.d.ts'
[18:20:55.640] Adding entry into typings cache: 'immediate' => '/home/nexi/.cache/typescript/3.7/node_modules/@types/immediate/index.d.ts'
[18:20:55.643] Adding entry into typings cache: 'isomorphic-fetch' => '/home/nexi/.cache/typescript/3.7/node_modules/@types/isomorphic-fetch/index.d.ts'
[18:20:55.742] Adding entry into typings cache: 'node' => '/home/nexi/.cache/typescript/3.7/node_modules/@types/node/ts3.2/index.d.ts'
[18:20:55.774] Adding entry into typings cache: 'object-assign' => '/home/nexi/.cache/typescript/3.7/node_modules/@types/object-assign/index.d.ts'
[18:20:55.778] Adding entry into typings cache: 'prop-types' => '/home/nexi/.cache/typescript/3.7/node_modules/@types/prop-types/index.d.ts'
[18:20:55.796] Adding entry into typings cache: 'react' => '/home/nexi/.cache/typescript/3.7/node_modules/@types/react/index.d.ts'
[18:20:55.824] Adding entry into typings cache: 'react-dom' => '/home/nexi/.cache/typescript/3.7/node_modules/@types/react-dom/index.d.ts'
[18:20:55.858] Adding entry into typings cache: 'react-is' => '/home/nexi/.cache/typescript/3.7/node_modules/@types/react-is/index.d.ts'
[18:20:55.935] Adding entry into typings cache: 'react-native' => '/home/nexi/.cache/typescript/3.7/node_modules/@types/react-native/index.d.ts'
[18:20:55.973] Adding entry into typings cache: 'react-router' => '/home/nexi/.cache/typescript/3.7/node_modules/@types/react-router/index.d.ts'
[18:20:56.35] Adding entry into typings cache: 'react-router-dom' => '/home/nexi/.cache/typescript/3.7/node_modules/@types/react-router-dom/index.d.ts'
[18:20:56.79] Adding entry into typings cache: 'read' => '/home/nexi/.cache/typescript/3.7/node_modules/@types/read/index.d.ts'
[18:20:56.110] Adding entry into typings cache: 'sprintf' => '/home/nexi/.cache/typescript/3.7/node_modules/@types/sprintf/index.d.ts'
[18:20:56.158] Adding entry into typings cache: 'styled-components' => '/home/nexi/.cache/typescript/3.7/node_modules/@types/styled-components/ts3.7/index.d.ts'
[18:20:56.219] Adding entry into typings cache: 'ua-parser-js' => '/home/nexi/.cache/typescript/3.7/node_modules/@types/ua-parser-js/index.d.ts'
[18:20:56.219] Finished processing cache location '/home/nexi/.cache/typescript/3.7'
[18:20:56.220] Process id: 153491
[18:20:56.220] NPM location: /usr/bin/npm (explicit '--npmLocation' not  provided)
[18:20:56.220] validateDefaultNpmLocation: false
[18:20:56.220] Npm config file: /home/nexi/.cache/typescript/3.7/package.json
[18:20:56.220] Updating types-registry npm package...
[18:20:56.221] Exec: /usr/bin/npm install --ignore-scripts types-registry@latest
[18:21:41.381]     Succeeded. stdout:
    + types-registry@0.1.475
    updated 1 package and audited 62 packages in 3.722s
found 0 vulnerabilities


[18:21:41.381] Updated types-registry npm package
[18:23:44.513] Got install request {"projectName":"/dev/null/inferredProject1*","fileNames":["/usr/lib/node_modules/typescript/lib/lib.d.ts","/usr/lib/node_modules/typescript/lib/lib.es5.d.ts","/usr/lib/node_modules/typescript/lib/lib.dom.d.ts","/usr/lib/node_modules/typescript/lib/lib.webworker.importscripts.d.ts","/usr/lib/node_modules/typescript/lib/lib.scripthost.d.ts","/home/nexi/Documents/Programming/Projects/personal-page/src/components/card/more/More.jsx","/home/nexi/Documents/Programming/Projects/personal-page/src/components/card/avatar/Avatar.jsx","/home/nexi/Documents/Programming/Projects/personal-page/src/components/card/loader/Loader.jsx","/home/nexi/Documents/Programming/Projects/personal-page/src/services/Api/Api.js","/home/nexi/Documents/Programming/Projects/personal-page/src/components/card/Card.jsx","/home/nexi/Documents/Programming/Projects/personal-page/src/App.js"],"compilerOptions":{"target":1,"jsx":1,"allowNonTsExtensions":true,"allowJs":true,"noEmitForJsFiles":true,"maxNodeModuleJsDepth":2},"typeAcquisition":{"enable":true,"include":[],"exclude":[]},"unresolvedImports":[],"projectRootPath":"/home/nexi/Documents/Programming/Projects/personal-page/src","kind":"discover"}
[18:23:44.585] Loaded safelist from types map file '/usr/lib/node_modules/typescript/lib/typesMap.json'
[18:23:44.586] Explicitly included types: []
[18:23:44.590] Inferred 'react' typings due to presence of '.jsx' extension
[18:23:44.590] Inferred typings from unresolved imports: []
[18:23:44.590] Result: {"cachedTypingPaths":["/home/nexi/.cache/typescript/3.7/node_modules/@types/react/index.d.ts"],"newTypingNames":[],"filesToWatch":["/home/nexi/Documents/Programming/Projects/personal-page/src/components/card/more/bower_components","/home/nexi/Documents/Programming/Projects/personal-page/src/components/card/more/node_modules","/home/nexi/Documents/Programming/Projects/personal-page/src/components/card/avatar/bower_components","/home/nexi/Documents/Programming/Projects/personal-page/src/components/card/avatar/node_modules","/home/nexi/Documents/Programming/Projects/personal-page/src/components/card/loader/bower_components","/home/nexi/Documents/Programming/Projects/personal-page/src/components/card/loader/node_modules","/home/nexi/Documents/Programming/Projects/personal-page/src/services/Api/bower_components","/home/nexi/Documents/Programming/Projects/personal-page/src/services/Api/node_modules","/home/nexi/Documents/Programming/Projects/personal-page/src/components/card/bower_components","/home/nexi/Documents/Programming/Projects/personal-page/src/components/card/node_modules","/home/nexi/Documents/Programming/Projects/personal-page/src/bower_components","/home/nexi/Documents/Programming/Projects/personal-page/src/node_modules"]}
[18:23:44.590] Finished typings discovery: {"cachedTypingPaths":["/home/nexi/.cache/typescript/3.7/node_modules/@types/react/index.d.ts"],"newTypingNames":[],"filesToWatch":["/home/nexi/Documents/Programming/Projects/personal-page/src/components/card/more/bower_components","/home/nexi/Documents/Programming/Projects/personal-page/src/components/card/more/node_modules","/home/nexi/Documents/Programming/Projects/personal-page/src/components/card/avatar/bower_components","/home/nexi/Documents/Programming/Projects/personal-page/src/components/card/avatar/node_modules","/home/nexi/Documents/Programming/Projects/personal-page/src/components/card/loader/bower_components","/home/nexi/Documents/Programming/Projects/personal-page/src/components/card/loader/node_modules","/home/nexi/Documents/Programming/Projects/personal-page/src/services/Api/bower_components","/home/nexi/Documents/Programming/Projects/personal-page/src/services/Api/node_modules","/home/nexi/Documents/Programming/Projects/personal-page/src/components/card/bower_components","/home/nexi/Documents/Programming/Projects/personal-page/src/components/card/node_modules","/home/nexi/Documents/Programming/Projects/personal-page/src/bower_components","/home/nexi/Documents/Programming/Projects/personal-page/src/node_modules"]}
[18:23:44.591] DirectoryWatcher:: Added:: WatchInfo: /home/nexi/Documents/Programming/Projects/personal-page/src/components
[18:23:44.596] DirectoryWatcher:: Added:: WatchInfo: /home/nexi/Documents/Programming/Projects/personal-page/src/services
[18:23:44.597] DirectoryWatcher:: Added:: WatchInfo: /home/nexi/Documents/Programming/Projects/personal-page/src/bower_components
[18:23:44.605] DirectoryWatcher:: Added:: WatchInfo: /home/nexi/Documents/Programming/Projects/personal-page/src/node_modules
[18:23:44.606] Sending response:
    {"projectName":"/dev/null/inferredProject1*","typeAcquisition":{"enable":true,"include":[],"exclude":[]},"compilerOptions":{"target":1,"jsx":1,"allowNonTsExtensions":true,"allowJs":true,"noEmitForJsFiles":true,"maxNodeModuleJsDepth":2},"typings":["/home/nexi/.cache/typescript/3.7/node_modules/@types/react/index.d.ts"],"unresolvedImports":[],"kind":"action::set"}
[18:23:44.607] Response has been sent.
[18:23:44.607] No new typings were requested as a result of typings discovery
[18:29:48.17] DirectoryWatcher:: Triggered with /home/nexi/Documents/Programming/Projects/personal-page/src/components/card/more/#More.jsx# :: WatchInfo: /home/nexi/Documents/Programming/Projects/personal-page/src/components recursive :: handler is already invoked 'false'
[18:30:5.312] DirectoryWatcher:: Triggered with /home/nexi/Documents/Programming/Projects/personal-page/src/components/card/more/#More.jsx# :: WatchInfo: /home/nexi/Documents/Programming/Projects/personal-page/src/components recursive :: handler is already invoked 'false'
