[20:15:10.838] Global cache location '/home/nexi/.cache/typescript/3.7', safe file path '/usr/lib/node_modules/typescript/lib/typingSafeList.json', types map path /usr/lib/node_modules/typescript/lib/typesMap.json
[20:15:10.840] Processing cache location '/home/nexi/.cache/typescript/3.7'
[20:15:10.840] Trying to find '/home/nexi/.cache/typescript/3.7/package.json'...
[20:15:10.841] Loaded content of '/home/nexi/.cache/typescript/3.7/package.json': {"private":true,"dependencies":{"types-registry":"^0.1.475"},"devDependencies":{"@types/async":"^3.0.5","@types/atob":"^2.1.2","@types/create-react-class":"^15.6.3","@types/denodeify":"^1.2.31","@types/history":"^4.7.4","@types/immediate":"^3.2.0","@types/isomorphic-fetch":"0.0.35","@types/node":"^12.12.14","@types/object-assign":"^4.0.30","@types/prop-types":"^15.7.3","@types/react":"^16.9.19","@types/react-dom":"^16.9.5","@types/react-is":"^16.7.1","@types/react-native":"^0.61.4","@types/react-router":"^5.1.4","@types/react-router-dom":"^5.1.3","@types/read":"0.0.28","@types/sprintf":"^0.1.0","@types/styled-components":"^4.4.2","@types/ua-parser-js":"^0.7.33"}}
[20:15:10.841] Loaded content of '/home/nexi/.cache/typescript/3.7/package-lock.json'
[20:15:10.857] Adding entry into typings cache: 'async' => '/home/nexi/.cache/typescript/3.7/node_modules/@types/async/index.d.ts'
[20:15:10.861] Adding entry into typings cache: 'atob' => '/home/nexi/.cache/typescript/3.7/node_modules/@types/atob/index.d.ts'
[20:15:10.864] Adding entry into typings cache: 'create-react-class' => '/home/nexi/.cache/typescript/3.7/node_modules/@types/create-react-class/index.d.ts'
[20:15:10.867] Adding entry into typings cache: 'denodeify' => '/home/nexi/.cache/typescript/3.7/node_modules/@types/denodeify/index.d.ts'
[20:15:10.871] Adding entry into typings cache: 'history' => '/home/nexi/.cache/typescript/3.7/node_modules/@types/history/index.d.ts'
[20:15:10.873] Adding entry into typings cache: 'immediate' => '/home/nexi/.cache/typescript/3.7/node_modules/@types/immediate/index.d.ts'
[20:15:10.875] Adding entry into typings cache: 'isomorphic-fetch' => '/home/nexi/.cache/typescript/3.7/node_modules/@types/isomorphic-fetch/index.d.ts'
[20:15:10.882] Adding entry into typings cache: 'node' => '/home/nexi/.cache/typescript/3.7/node_modules/@types/node/ts3.2/index.d.ts'
[20:15:10.884] Adding entry into typings cache: 'object-assign' => '/home/nexi/.cache/typescript/3.7/node_modules/@types/object-assign/index.d.ts'
[20:15:10.886] Adding entry into typings cache: 'prop-types' => '/home/nexi/.cache/typescript/3.7/node_modules/@types/prop-types/index.d.ts'
[20:15:10.892] Adding entry into typings cache: 'react' => '/home/nexi/.cache/typescript/3.7/node_modules/@types/react/index.d.ts'
[20:15:10.896] Adding entry into typings cache: 'react-dom' => '/home/nexi/.cache/typescript/3.7/node_modules/@types/react-dom/index.d.ts'
[20:15:10.903] Adding entry into typings cache: 'react-is' => '/home/nexi/.cache/typescript/3.7/node_modules/@types/react-is/index.d.ts'
[20:15:10.907] Adding entry into typings cache: 'react-native' => '/home/nexi/.cache/typescript/3.7/node_modules/@types/react-native/index.d.ts'
[20:15:10.910] Adding entry into typings cache: 'react-router' => '/home/nexi/.cache/typescript/3.7/node_modules/@types/react-router/index.d.ts'
[20:15:10.912] Adding entry into typings cache: 'react-router-dom' => '/home/nexi/.cache/typescript/3.7/node_modules/@types/react-router-dom/index.d.ts'
[20:15:10.914] Adding entry into typings cache: 'read' => '/home/nexi/.cache/typescript/3.7/node_modules/@types/read/index.d.ts'
[20:15:10.915] Adding entry into typings cache: 'sprintf' => '/home/nexi/.cache/typescript/3.7/node_modules/@types/sprintf/index.d.ts'
[20:15:10.918] Adding entry into typings cache: 'styled-components' => '/home/nexi/.cache/typescript/3.7/node_modules/@types/styled-components/ts3.7/index.d.ts'
[20:15:10.920] Adding entry into typings cache: 'ua-parser-js' => '/home/nexi/.cache/typescript/3.7/node_modules/@types/ua-parser-js/index.d.ts'
[20:15:10.920] Finished processing cache location '/home/nexi/.cache/typescript/3.7'
[20:15:10.920] Process id: 118402
[20:15:10.920] NPM location: /usr/bin/npm (explicit '--npmLocation' not  provided)
[20:15:10.920] validateDefaultNpmLocation: false
[20:15:10.920] Npm config file: /home/nexi/.cache/typescript/3.7/package.json
[20:15:10.920] Updating types-registry npm package...
[20:15:10.921] Exec: /usr/bin/npm install --ignore-scripts types-registry@latest
[20:15:13.283]     Succeeded. stdout:
    + types-registry@0.1.475
    updated 1 package and audited 62 packages in 1.615s
found 0 vulnerabilities


[20:15:13.283] Updated types-registry npm package
[20:15:15.421] Got install request {"projectName":"/dev/null/inferredProject1*","fileNames":["/usr/lib/node_modules/typescript/lib/lib.d.ts","/usr/lib/node_modules/typescript/lib/lib.es5.d.ts","/usr/lib/node_modules/typescript/lib/lib.dom.d.ts","/usr/lib/node_modules/typescript/lib/lib.webworker.importscripts.d.ts","/usr/lib/node_modules/typescript/lib/lib.scripthost.d.ts","/home/nexi/Documents/Programming/Projects/personal-page/src/components/card/avatar/Avatar.jsx"],"compilerOptions":{"target":1,"jsx":1,"allowNonTsExtensions":true,"allowJs":true,"noEmitForJsFiles":true,"maxNodeModuleJsDepth":2},"typeAcquisition":{"enable":true,"include":[],"exclude":[]},"unresolvedImports":[],"projectRootPath":"/home/nexi/Documents/Programming/Projects/personal-page/src/components/card/avatar","kind":"discover"}
[20:15:15.443] Loaded safelist from types map file '/usr/lib/node_modules/typescript/lib/typesMap.json'
[20:15:15.444] Explicitly included types: []
[20:15:15.444] Inferred 'react' typings due to presence of '.jsx' extension
[20:15:15.445] Inferred typings from unresolved imports: []
[20:15:15.445] Result: {"cachedTypingPaths":["/home/nexi/.cache/typescript/3.7/node_modules/@types/react/index.d.ts"],"newTypingNames":[],"filesToWatch":["/home/nexi/Documents/Programming/Projects/personal-page/src/components/card/avatar/bower_components","/home/nexi/Documents/Programming/Projects/personal-page/src/components/card/avatar/node_modules"]}
[20:15:15.445] Finished typings discovery: {"cachedTypingPaths":["/home/nexi/.cache/typescript/3.7/node_modules/@types/react/index.d.ts"],"newTypingNames":[],"filesToWatch":["/home/nexi/Documents/Programming/Projects/personal-page/src/components/card/avatar/bower_components","/home/nexi/Documents/Programming/Projects/personal-page/src/components/card/avatar/node_modules"]}
[20:15:15.445] DirectoryWatcher:: Added:: WatchInfo: /home/nexi/Documents/Programming/Projects/personal-page/src/components/card/avatar/bower_components
[20:15:15.447] DirectoryWatcher:: Added:: WatchInfo: /home/nexi/Documents/Programming/Projects/personal-page/src/components/card/avatar/node_modules
[20:15:15.448] Sending response:
    {"projectName":"/dev/null/inferredProject1*","typeAcquisition":{"enable":true,"include":[],"exclude":[]},"compilerOptions":{"target":1,"jsx":1,"allowNonTsExtensions":true,"allowJs":true,"noEmitForJsFiles":true,"maxNodeModuleJsDepth":2},"typings":["/home/nexi/.cache/typescript/3.7/node_modules/@types/react/index.d.ts"],"unresolvedImports":[],"kind":"action::set"}
[20:15:15.448] Response has been sent.
[20:15:15.448] No new typings were requested as a result of typings discovery
[20:15:16.68] Got install request {"projectName":"/dev/null/inferredProject1*","fileNames":["/usr/lib/node_modules/typescript/lib/lib.d.ts","/usr/lib/node_modules/typescript/lib/lib.es5.d.ts","/usr/lib/node_modules/typescript/lib/lib.dom.d.ts","/usr/lib/node_modules/typescript/lib/lib.webworker.importscripts.d.ts","/usr/lib/node_modules/typescript/lib/lib.scripthost.d.ts","/home/nexi/Documents/Programming/Projects/personal-page/src/components/card/avatar/Avatar.jsx","/home/nexi/.cache/typescript/3.7/node_modules/@types/react/global.d.ts","/home/nexi/.cache/typescript/3.7/node_modules/@types/react/index.d.ts"],"compilerOptions":{"target":1,"jsx":1,"allowNonTsExtensions":true,"allowJs":true,"noEmitForJsFiles":true,"maxNodeModuleJsDepth":2},"typeAcquisition":{"enable":true,"include":[],"exclude":[]},"unresolvedImports":[],"projectRootPath":"/home/nexi/Documents/Programming/Projects/personal-page/src/components/card/avatar","kind":"discover"}
[20:15:16.69] Explicitly included types: []
[20:15:16.69] Inferred 'react' typings due to presence of '.jsx' extension
[20:15:16.69] Inferred typings from unresolved imports: []
[20:15:16.70] Result: {"cachedTypingPaths":["/home/nexi/.cache/typescript/3.7/node_modules/@types/react/index.d.ts"],"newTypingNames":[],"filesToWatch":["/home/nexi/Documents/Programming/Projects/personal-page/src/components/card/avatar/bower_components","/home/nexi/Documents/Programming/Projects/personal-page/src/components/card/avatar/node_modules"]}
[20:15:16.70] Finished typings discovery: {"cachedTypingPaths":["/home/nexi/.cache/typescript/3.7/node_modules/@types/react/index.d.ts"],"newTypingNames":[],"filesToWatch":["/home/nexi/Documents/Programming/Projects/personal-page/src/components/card/avatar/bower_components","/home/nexi/Documents/Programming/Projects/personal-page/src/components/card/avatar/node_modules"]}
[20:15:16.70] Sending response:
    {"projectName":"/dev/null/inferredProject1*","typeAcquisition":{"enable":true,"include":[],"exclude":[]},"compilerOptions":{"target":1,"jsx":1,"allowNonTsExtensions":true,"allowJs":true,"noEmitForJsFiles":true,"maxNodeModuleJsDepth":2},"typings":["/home/nexi/.cache/typescript/3.7/node_modules/@types/react/index.d.ts"],"unresolvedImports":[],"kind":"action::set"}
[20:15:16.70] Response has been sent.
[20:15:16.70] No new typings were requested as a result of typings discovery
