[17:32:59.856] Global cache location '/home/nexi/.cache/typescript/3.7', safe file path '/usr/lib/node_modules/typescript/lib/typingSafeList.json', types map path /usr/lib/node_modules/typescript/lib/typesMap.json
[17:32:59.858] Processing cache location '/home/nexi/.cache/typescript/3.7'
[17:32:59.858] Trying to find '/home/nexi/.cache/typescript/3.7/package.json'...
[17:32:59.860] Loaded content of '/home/nexi/.cache/typescript/3.7/package.json': {"private":true,"dependencies":{"types-registry":"^0.1.475"},"devDependencies":{"@types/async":"^3.0.5","@types/atob":"^2.1.2","@types/create-react-class":"^15.6.3","@types/denodeify":"^1.2.31","@types/history":"^4.7.4","@types/immediate":"^3.2.0","@types/isomorphic-fetch":"0.0.35","@types/node":"^12.12.14","@types/object-assign":"^4.0.30","@types/prop-types":"^15.7.3","@types/react":"^16.9.19","@types/react-dom":"^16.9.5","@types/react-is":"^16.7.1","@types/react-native":"^0.61.4","@types/react-router":"^5.1.4","@types/react-router-dom":"^5.1.3","@types/read":"0.0.28","@types/sprintf":"^0.1.0","@types/styled-components":"^4.4.2","@types/ua-parser-js":"^0.7.33"}}
[17:32:59.860] Loaded content of '/home/nexi/.cache/typescript/3.7/package-lock.json'
[17:32:59.878] Adding entry into typings cache: 'async' => '/home/nexi/.cache/typescript/3.7/node_modules/@types/async/index.d.ts'
[17:32:59.884] Adding entry into typings cache: 'atob' => '/home/nexi/.cache/typescript/3.7/node_modules/@types/atob/index.d.ts'
[17:32:59.889] Adding entry into typings cache: 'create-react-class' => '/home/nexi/.cache/typescript/3.7/node_modules/@types/create-react-class/index.d.ts'
[17:32:59.893] Adding entry into typings cache: 'denodeify' => '/home/nexi/.cache/typescript/3.7/node_modules/@types/denodeify/index.d.ts'
[17:32:59.899] Adding entry into typings cache: 'history' => '/home/nexi/.cache/typescript/3.7/node_modules/@types/history/index.d.ts'
[17:32:59.902] Adding entry into typings cache: 'immediate' => '/home/nexi/.cache/typescript/3.7/node_modules/@types/immediate/index.d.ts'
[17:32:59.905] Adding entry into typings cache: 'isomorphic-fetch' => '/home/nexi/.cache/typescript/3.7/node_modules/@types/isomorphic-fetch/index.d.ts'
[17:32:59.914] Adding entry into typings cache: 'node' => '/home/nexi/.cache/typescript/3.7/node_modules/@types/node/ts3.2/index.d.ts'
[17:32:59.917] Adding entry into typings cache: 'object-assign' => '/home/nexi/.cache/typescript/3.7/node_modules/@types/object-assign/index.d.ts'
[17:32:59.922] Adding entry into typings cache: 'prop-types' => '/home/nexi/.cache/typescript/3.7/node_modules/@types/prop-types/index.d.ts'
[17:32:59.931] Adding entry into typings cache: 'react' => '/home/nexi/.cache/typescript/3.7/node_modules/@types/react/index.d.ts'
[17:32:59.934] Adding entry into typings cache: 'react-dom' => '/home/nexi/.cache/typescript/3.7/node_modules/@types/react-dom/index.d.ts'
[17:32:59.941] Adding entry into typings cache: 'react-is' => '/home/nexi/.cache/typescript/3.7/node_modules/@types/react-is/index.d.ts'
[17:32:59.945] Adding entry into typings cache: 'react-native' => '/home/nexi/.cache/typescript/3.7/node_modules/@types/react-native/index.d.ts'
[17:32:59.949] Adding entry into typings cache: 'react-router' => '/home/nexi/.cache/typescript/3.7/node_modules/@types/react-router/index.d.ts'
[17:32:59.951] Adding entry into typings cache: 'react-router-dom' => '/home/nexi/.cache/typescript/3.7/node_modules/@types/react-router-dom/index.d.ts'
[17:32:59.953] Adding entry into typings cache: 'read' => '/home/nexi/.cache/typescript/3.7/node_modules/@types/read/index.d.ts'
[17:32:59.954] Adding entry into typings cache: 'sprintf' => '/home/nexi/.cache/typescript/3.7/node_modules/@types/sprintf/index.d.ts'
[17:32:59.957] Adding entry into typings cache: 'styled-components' => '/home/nexi/.cache/typescript/3.7/node_modules/@types/styled-components/ts3.7/index.d.ts'
[17:32:59.958] Adding entry into typings cache: 'ua-parser-js' => '/home/nexi/.cache/typescript/3.7/node_modules/@types/ua-parser-js/index.d.ts'
[17:32:59.959] Finished processing cache location '/home/nexi/.cache/typescript/3.7'
[17:32:59.959] Process id: 109989
[17:32:59.959] NPM location: /usr/bin/npm (explicit '--npmLocation' not  provided)
[17:32:59.959] validateDefaultNpmLocation: false
[17:32:59.959] Npm config file: /home/nexi/.cache/typescript/3.7/package.json
[17:32:59.959] Updating types-registry npm package...
[17:32:59.959] Exec: /usr/bin/npm install --ignore-scripts types-registry@latest
[17:33:5.638]     Succeeded. stdout:
    + types-registry@0.1.475
    updated 1 package and audited 62 packages in 1.866s
found 0 vulnerabilities


[17:33:5.638] Updated types-registry npm package
[17:33:5.724] Got install request {"projectName":"/dev/null/inferredProject1*","fileNames":["/usr/lib/node_modules/typescript/lib/lib.d.ts","/usr/lib/node_modules/typescript/lib/lib.es5.d.ts","/usr/lib/node_modules/typescript/lib/lib.dom.d.ts","/usr/lib/node_modules/typescript/lib/lib.webworker.importscripts.d.ts","/usr/lib/node_modules/typescript/lib/lib.scripthost.d.ts","/home/nexi/Documents/Programming/Projects/personal-page/src/components/card/more/More.jsx","/home/nexi/Documents/Programming/Projects/personal-page/src/components/card/avatar/Avatar.jsx","/home/nexi/Documents/Programming/Projects/personal-page/src/components/card/loader/Loader.jsx","/home/nexi/Documents/Programming/Projects/personal-page/src/services/Api/Api.js","/home/nexi/Documents/Programming/Projects/personal-page/src/components/card/Card.jsx"],"compilerOptions":{"target":1,"jsx":1,"allowNonTsExtensions":true,"allowJs":true,"noEmitForJsFiles":true,"maxNodeModuleJsDepth":2},"typeAcquisition":{"enable":true,"include":[],"exclude":[]},"unresolvedImports":[],"projectRootPath":"/home/nexi/Documents/Programming/Projects/personal-page/src/components/card","kind":"discover"}
[17:33:5.752] Loaded safelist from types map file '/usr/lib/node_modules/typescript/lib/typesMap.json'
[17:33:5.753] Explicitly included types: []
[17:33:5.755] Inferred 'react' typings due to presence of '.jsx' extension
[17:33:5.755] Inferred typings from unresolved imports: []
[17:33:5.756] Result: {"cachedTypingPaths":["/home/nexi/.cache/typescript/3.7/node_modules/@types/react/index.d.ts"],"newTypingNames":[],"filesToWatch":["/home/nexi/Documents/Programming/Projects/personal-page/src/components/card/more/bower_components","/home/nexi/Documents/Programming/Projects/personal-page/src/components/card/more/node_modules","/home/nexi/Documents/Programming/Projects/personal-page/src/components/card/avatar/bower_components","/home/nexi/Documents/Programming/Projects/personal-page/src/components/card/avatar/node_modules","/home/nexi/Documents/Programming/Projects/personal-page/src/components/card/loader/bower_components","/home/nexi/Documents/Programming/Projects/personal-page/src/components/card/loader/node_modules","/home/nexi/Documents/Programming/Projects/personal-page/src/services/Api/bower_components","/home/nexi/Documents/Programming/Projects/personal-page/src/services/Api/node_modules","/home/nexi/Documents/Programming/Projects/personal-page/src/components/card/bower_components","/home/nexi/Documents/Programming/Projects/personal-page/src/components/card/node_modules"]}
[17:33:5.756] Finished typings discovery: {"cachedTypingPaths":["/home/nexi/.cache/typescript/3.7/node_modules/@types/react/index.d.ts"],"newTypingNames":[],"filesToWatch":["/home/nexi/Documents/Programming/Projects/personal-page/src/components/card/more/bower_components","/home/nexi/Documents/Programming/Projects/personal-page/src/components/card/more/node_modules","/home/nexi/Documents/Programming/Projects/personal-page/src/components/card/avatar/bower_components","/home/nexi/Documents/Programming/Projects/personal-page/src/components/card/avatar/node_modules","/home/nexi/Documents/Programming/Projects/personal-page/src/components/card/loader/bower_components","/home/nexi/Documents/Programming/Projects/personal-page/src/components/card/loader/node_modules","/home/nexi/Documents/Programming/Projects/personal-page/src/services/Api/bower_components","/home/nexi/Documents/Programming/Projects/personal-page/src/services/Api/node_modules","/home/nexi/Documents/Programming/Projects/personal-page/src/components/card/bower_components","/home/nexi/Documents/Programming/Projects/personal-page/src/components/card/node_modules"]}
[17:33:5.756] DirectoryWatcher:: Added:: WatchInfo: /home/nexi/Documents/Programming/Projects/personal-page/src/components/card/more
[17:33:5.758] DirectoryWatcher:: Added:: WatchInfo: /home/nexi/Documents/Programming/Projects/personal-page/src/components/card/avatar
[17:33:5.759] DirectoryWatcher:: Added:: WatchInfo: /home/nexi/Documents/Programming/Projects/personal-page/src/components/card/loader
[17:33:5.759] DirectoryWatcher:: Added:: WatchInfo: /home/nexi/Documents/Programming/Projects/personal-page/src/services/Api/bower_components
[17:33:5.761] DirectoryWatcher:: Added:: WatchInfo: /home/nexi/Documents/Programming/Projects/personal-page/src/services/Api/node_modules
[17:33:5.761] DirectoryWatcher:: Added:: WatchInfo: /home/nexi/Documents/Programming/Projects/personal-page/src/components/card/bower_components
[17:33:5.761] DirectoryWatcher:: Added:: WatchInfo: /home/nexi/Documents/Programming/Projects/personal-page/src/components/card/node_modules
[17:33:5.762] Sending response:
    {"projectName":"/dev/null/inferredProject1*","typeAcquisition":{"enable":true,"include":[],"exclude":[]},"compilerOptions":{"target":1,"jsx":1,"allowNonTsExtensions":true,"allowJs":true,"noEmitForJsFiles":true,"maxNodeModuleJsDepth":2},"typings":["/home/nexi/.cache/typescript/3.7/node_modules/@types/react/index.d.ts"],"unresolvedImports":[],"kind":"action::set"}
[17:33:5.763] Response has been sent.
[17:33:5.763] No new typings were requested as a result of typings discovery
