[13:21:1.761] Global cache location '/home/nexi/.cache/typescript/3.7', safe file path '/usr/lib/node_modules/typescript/lib/typingSafeList.json', types map path /usr/lib/node_modules/typescript/lib/typesMap.json
[13:21:1.771] Processing cache location '/home/nexi/.cache/typescript/3.7'
[13:21:1.772] Trying to find '/home/nexi/.cache/typescript/3.7/package.json'...
[13:21:1.913] Loaded content of '/home/nexi/.cache/typescript/3.7/package.json': {"private":true,"dependencies":{"types-registry":"^0.1.475"},"devDependencies":{"@types/async":"^3.0.5","@types/atob":"^2.1.2","@types/create-react-class":"^15.6.3","@types/denodeify":"^1.2.31","@types/history":"^4.7.4","@types/immediate":"^3.2.0","@types/isomorphic-fetch":"0.0.35","@types/node":"^12.12.14","@types/object-assign":"^4.0.30","@types/prop-types":"^15.7.3","@types/react":"^16.9.19","@types/react-dom":"^16.9.5","@types/react-is":"^16.7.1","@types/react-native":"^0.61.4","@types/react-router":"^5.1.4","@types/react-router-dom":"^5.1.3","@types/read":"0.0.28","@types/sprintf":"^0.1.0","@types/styled-components":"^4.4.2","@types/ua-parser-js":"^0.7.33"}}
[13:21:1.914] Loaded content of '/home/nexi/.cache/typescript/3.7/package-lock.json'
[13:21:2.37] Adding entry into typings cache: 'async' => '/home/nexi/.cache/typescript/3.7/node_modules/@types/async/index.d.ts'
[13:21:2.137] Adding entry into typings cache: 'atob' => '/home/nexi/.cache/typescript/3.7/node_modules/@types/atob/index.d.ts'
[13:21:2.193] Adding entry into typings cache: 'create-react-class' => '/home/nexi/.cache/typescript/3.7/node_modules/@types/create-react-class/index.d.ts'
[13:21:2.245] Adding entry into typings cache: 'denodeify' => '/home/nexi/.cache/typescript/3.7/node_modules/@types/denodeify/index.d.ts'
[13:21:2.301] Adding entry into typings cache: 'history' => '/home/nexi/.cache/typescript/3.7/node_modules/@types/history/index.d.ts'
[13:21:2.304] Adding entry into typings cache: 'immediate' => '/home/nexi/.cache/typescript/3.7/node_modules/@types/immediate/index.d.ts'
[13:21:2.307] Adding entry into typings cache: 'isomorphic-fetch' => '/home/nexi/.cache/typescript/3.7/node_modules/@types/isomorphic-fetch/index.d.ts'
[13:21:2.413] Adding entry into typings cache: 'node' => '/home/nexi/.cache/typescript/3.7/node_modules/@types/node/ts3.2/index.d.ts'
[13:21:2.434] Adding entry into typings cache: 'object-assign' => '/home/nexi/.cache/typescript/3.7/node_modules/@types/object-assign/index.d.ts'
[13:21:2.438] Adding entry into typings cache: 'prop-types' => '/home/nexi/.cache/typescript/3.7/node_modules/@types/prop-types/index.d.ts'
[13:21:2.476] Adding entry into typings cache: 'react' => '/home/nexi/.cache/typescript/3.7/node_modules/@types/react/index.d.ts'
[13:21:2.530] Adding entry into typings cache: 'react-dom' => '/home/nexi/.cache/typescript/3.7/node_modules/@types/react-dom/index.d.ts'
[13:21:2.563] Adding entry into typings cache: 'react-is' => '/home/nexi/.cache/typescript/3.7/node_modules/@types/react-is/index.d.ts'
[13:21:2.600] Adding entry into typings cache: 'react-native' => '/home/nexi/.cache/typescript/3.7/node_modules/@types/react-native/index.d.ts'
[13:21:2.656] Adding entry into typings cache: 'react-router' => '/home/nexi/.cache/typescript/3.7/node_modules/@types/react-router/index.d.ts'
[13:21:2.696] Adding entry into typings cache: 'react-router-dom' => '/home/nexi/.cache/typescript/3.7/node_modules/@types/react-router-dom/index.d.ts'
[13:21:2.830] Adding entry into typings cache: 'read' => '/home/nexi/.cache/typescript/3.7/node_modules/@types/read/index.d.ts'
[13:21:2.848] Adding entry into typings cache: 'sprintf' => '/home/nexi/.cache/typescript/3.7/node_modules/@types/sprintf/index.d.ts'
[13:21:2.852] Adding entry into typings cache: 'styled-components' => '/home/nexi/.cache/typescript/3.7/node_modules/@types/styled-components/ts3.7/index.d.ts'
[13:21:2.901] Adding entry into typings cache: 'ua-parser-js' => '/home/nexi/.cache/typescript/3.7/node_modules/@types/ua-parser-js/index.d.ts'
[13:21:2.901] Finished processing cache location '/home/nexi/.cache/typescript/3.7'
[13:21:2.902] Process id: 95351
[13:21:2.902] NPM location: /usr/bin/npm (explicit '--npmLocation' not  provided)
[13:21:2.902] validateDefaultNpmLocation: false
[13:21:2.903] Npm config file: /home/nexi/.cache/typescript/3.7/package.json
[13:21:2.903] Updating types-registry npm package...
[13:21:2.903] Exec: /usr/bin/npm install --ignore-scripts types-registry@latest
[13:21:37.36]     Succeeded. stdout:
    + types-registry@0.1.475
    updated 1 package and audited 62 packages in 3.387s
found 0 vulnerabilities


[13:21:37.37] Updated types-registry npm package
